2023.08.28 17:40:40 INFO  tracing is disabled for protocol LSP, to enable tracing of incoming and outgoing JSON messages create an empty file at /home/phdah/repos/privat/AoC/2022/day_1/scala/.metals/lsp.trace.json or /home/phdah/.cache/metals/lsp.trace.json[0m
2023.08.28 17:40:40 INFO  logging to file /home/phdah/repos/privat/AoC/2022/day_1/scala/.metals/metals.log[0m
2023.08.28 17:40:40 INFO  Started: Metals version 0.11.2 in workspace '/home/phdah/repos/privat/AoC/2022/day_1/scala' for client Neovim 0.9.1.[0m
2023.08.28 17:40:40 INFO  Parse release: 11.0.20[0m
2023.08.28 17:40:41 INFO  time: initialize in 1.33s[0m
2023.08.28 17:40:42 WARN  Build server is not auto-connectable.[0m
2023.08.28 17:40:42 WARN  no build tool detected in workspace '/home/phdah/repos/privat/AoC/2022/day_1/scala'. The most common cause for this problem is that the editor was opened in the wrong working directory, for example if you use sbt then the workspace directory should contain build.sbt. [0m
2023.08.28 17:40:42 INFO  Selected port 5031[0m
2023.08.28 17:40:42 WARN  no build target for: /home/phdah/repos/privat/AoC/2022/day_1/scala/calories_counting.scala[0m
Aug 28, 2023 5:40:42 PM io.undertow.Undertow start
INFO: starting server: Undertow - 2.2.16.Final
Aug 28, 2023 5:40:42 PM org.xnio.Xnio <clinit>
INFO: XNIO version 3.8.6.Final
Aug 28, 2023 5:40:42 PM org.xnio.nio.NioXnio <clinit>
INFO: XNIO NIO Implementation Version 3.8.6.Final
Aug 28, 2023 5:40:42 PM org.jboss.threads.Version <clinit>
INFO: JBoss Threads version 3.1.0.Final
2023.08.28 17:40:42 INFO  Started Metals http server at http://127.0.0.1:5031[0m
2023.08.28 17:40:44 INFO  no build target found for /home/phdah/repos/privat/AoC/2022/day_1/scala/calories_counting.scala. Using presentation compiler with project's scala-library version: 3.1.1[0m
2023.08.28 17:41:16 WARN  no build target for: /home/phdah/repos/privat/AoC/2022/day_1/scala/calories_counting.scala[0m
2023.08.28 17:42:17 WARN  no build target for: /home/phdah/repos/privat/AoC/2022/day_1/scala/calories_counting.scala[0m
2023.08.28 17:42:27 WARN  no build target for: /home/phdah/repos/privat/AoC/2022/day_1/scala/calories_counting.scala[0m
2023.08.28 17:44:52 INFO  shutting down Metals[0m
Aug 28, 2023 5:44:52 PM io.undertow.Undertow stop
INFO: stopping server: Undertow - 2.2.16.Final
2023.08.28 17:44:58 INFO  tracing is disabled for protocol LSP, to enable tracing of incoming and outgoing JSON messages create an empty file at /home/phdah/repos/privat/AoC/2022/day_1/scala/.metals/lsp.trace.json or /home/phdah/.cache/metals/lsp.trace.json[0m
2023.08.28 17:44:58 INFO  logging to file /home/phdah/repos/privat/AoC/2022/day_1/scala/.metals/metals.log[0m
2023.08.28 17:44:58 INFO  Started: Metals version 0.11.2 in workspace '/home/phdah/repos/privat/AoC/2022/day_1/scala' for client Neovim 0.9.1.[0m
2023.08.28 17:44:58 INFO  Parse release: 11.0.20[0m
2023.08.28 17:45:00 INFO  time: initialize in 1.32s[0m
2023.08.28 17:45:00 WARN  Build server is not auto-connectable.[0m
2023.08.28 17:45:00 WARN  no build tool detected in workspace '/home/phdah/repos/privat/AoC/2022/day_1/scala'. The most common cause for this problem is that the editor was opened in the wrong working directory, for example if you use sbt then the workspace directory should contain build.sbt. [0m
2023.08.28 17:45:00 INFO  Selected port 5031[0m
2023.08.28 17:45:00 WARN  no build target for: /home/phdah/repos/privat/AoC/2022/day_1/scala/calories_counting.scala[0m
Aug 28, 2023 5:45:00 PM io.undertow.Undertow start
INFO: starting server: Undertow - 2.2.16.Final
Aug 28, 2023 5:45:00 PM org.xnio.Xnio <clinit>
INFO: XNIO version 3.8.6.Final
Aug 28, 2023 5:45:00 PM org.xnio.nio.NioXnio <clinit>
INFO: XNIO NIO Implementation Version 3.8.6.Final
Aug 28, 2023 5:45:01 PM org.jboss.threads.Version <clinit>
INFO: JBoss Threads version 3.1.0.Final
2023.08.28 17:45:00 INFO  Started Metals http server at http://127.0.0.1:5031[0m
2023.08.28 17:45:02 INFO  no build target found for /home/phdah/repos/privat/AoC/2022/day_1/scala/calories_counting.scala. Using presentation compiler with project's scala-library version: 3.1.1[0m
2023.08.28 17:45:12 INFO  shutting down Metals[0m
Aug 28, 2023 5:45:12 PM io.undertow.Undertow stop
INFO: stopping server: Undertow - 2.2.16.Final
2023.08.28 17:45:35 INFO  tracing is disabled for protocol LSP, to enable tracing of incoming and outgoing JSON messages create an empty file at /home/phdah/repos/privat/AoC/2022/day_1/scala/.metals/lsp.trace.json or /home/phdah/.cache/metals/lsp.trace.json[0m
2023.08.28 17:45:35 INFO  logging to file /home/phdah/repos/privat/AoC/2022/day_1/scala/.metals/metals.log[0m
2023.08.28 17:45:35 INFO  Started: Metals version 0.11.2 in workspace '/home/phdah/repos/privat/AoC/2022/day_1/scala' for client Neovim 0.9.1.[0m
2023.08.28 17:45:35 INFO  Parse release: 11.0.20[0m
2023.08.28 17:45:36 INFO  time: initialize in 1.34s[0m
2023.08.28 17:45:37 WARN  Build server is not auto-connectable.[0m
2023.08.28 17:45:37 INFO  Selected port 5031[0m
2023.08.28 17:45:37 WARN  no build target for: /home/phdah/repos/privat/AoC/2022/day_1/scala/calories_counting.scala[0m
Aug 28, 2023 5:45:37 PM io.undertow.Undertow start
INFO: starting server: Undertow - 2.2.16.Final
Aug 28, 2023 5:45:37 PM org.xnio.Xnio <clinit>
INFO: XNIO version 3.8.6.Final
Aug 28, 2023 5:45:37 PM org.xnio.nio.NioXnio <clinit>
INFO: XNIO NIO Implementation Version 3.8.6.Final
Aug 28, 2023 5:45:37 PM org.jboss.threads.Version <clinit>
INFO: JBoss Threads version 3.1.0.Final
2023.08.28 17:45:37 INFO  Started Metals http server at http://127.0.0.1:5031[0m
2023.08.28 17:45:39 INFO  no build target found for /home/phdah/repos/privat/AoC/2022/day_1/scala/calories_counting.scala. Using presentation compiler with project's scala-library version: 3.1.1[0m
2023.08.28 17:45:39 INFO  running '/usr/lib/jvm/java-11-openjdk-amd64/bin/java -Djline.terminal=jline.UnsupportedTerminal -Dsbt.log.noformat=true -Dfile.encoding=UTF-8 -Dsbt.version=1.6.2 -jar /tmp/metals12246708321928347251/sbt-launch.jar -Dbloop.export-jar-classifiers=sources bloopInstall'[0m
2023.08.28 17:45:40 ERROR [info] [launcher] getting org.scala-sbt sbt 1.6.2  (this may take some time)...[0m
2023.08.28 17:46:35 ERROR downloading https://repo1.maven.org/maven2/org/scala-sbt/collections_2.12/1.6.2/collections_2.12-1.6.2.jar ...[0m
2023.08.28 17:46:35 ERROR downloading https://repo1.maven.org/maven2/org/scala-lang/modules/scala-xml_2.12/1.3.0/scala-xml_2.12-1.3.0.jar ...[0m
2023.08.28 17:46:35 ERROR downloading https://repo1.maven.org/maven2/org/scala-sbt/sbt/1.6.2/sbt-1.6.2.jar ...[0m
2023.08.28 17:46:35 ERROR downloading https://repo1.maven.org/maven2/com/github/ben-manes/caffeine/caffeine/2.8.5/caffeine-2.8.5.jar ...[0m
2023.08.28 17:46:35 ERROR downloading https://repo1.maven.org/maven2/org/scala-sbt/logic_2.12/1.6.2/logic_2.12-1.6.2.jar ...[0m
2023.08.28 17:46:35 ERROR downloading https://repo1.maven.org/maven2/org/scala-sbt/io_2.12/1.6.0/io_2.12-1.6.0.jar ...[0m
2023.08.28 17:46:35 ERROR downloading https://repo1.maven.org/maven2/org/scala-sbt/launcher-interface/1.3.3/launcher-interface-1.3.3.jar ...[0m
2023.08.28 17:46:35 ERROR downloading https://repo1.maven.org/maven2/org/scala-sbt/main_2.12/1.6.2/main_2.12-1.6.2.jar ...[0m
2023.08.28 17:46:35 ERROR downloading https://repo1.maven.org/maven2/org/scala-sbt/scripted-plugin_2.12/1.6.2/scripted-plugin_2.12-1.6.2.jar ...[0m
2023.08.28 17:46:35 ERROR downloading https://repo1.maven.org/maven2/org/scala-sbt/command_2.12/1.6.2/command_2.12-1.6.2.jar ...[0m
2023.08.28 17:46:35 ERROR downloading https://repo1.maven.org/maven2/org/scala-sbt/main-settings_2.12/1.6.2/main-settings_2.12-1.6.2.jar ...[0m
2023.08.28 17:46:35 ERROR downloading https://repo1.maven.org/maven2/org/scala-sbt/run_2.12/1.6.2/run_2.12-1.6.2.jar ...[0m
2023.08.28 17:46:35 ERROR downloading https://repo1.maven.org/maven2/org/scala-lang/scala-library/2.12.15/scala-library-2.12.15.jar ...[0m
2023.08.28 17:46:35 ERROR downloading https://repo1.maven.org/maven2/org/scala-sbt/zinc-lm-integration_2.12/1.6.2/zinc-lm-integration_2.12-1.6.2.jar ...[0m
2023.08.28 17:46:35 ERROR downloading https://repo1.maven.org/maven2/org/scala-sbt/util-logging_2.12/1.6.2/util-logging_2.12-1.6.2.jar ...[0m
2023.08.28 17:46:35 ERROR downloading https://repo1.maven.org/maven2/org/scala-sbt/actions_2.12/1.6.2/actions_2.12-1.6.2.jar ...[0m
2023.08.28 17:46:35 ERROR :: loading settings :: url = jar:file:/tmp/metals12246708321928347251/sbt-launch.jar!/org/apache/ivy/core/settings/ivysettings.xml[0m
2023.08.28 17:46:35 ERROR :: loading settings :: url = jar:file:/tmp/metals12246708321928347251/sbt-launch.jar!/org/apache/ivy/core/settings/ivysettings.xml[0m
2023.08.28 17:46:35 ERROR :: loading settings :: url = jar:file:/tmp/metals12246708321928347251/sbt-launch.jar!/org/apache/ivy/core/settings/ivysettings.xml[0m
2023.08.28 17:46:35 ERROR :: loading settings :: url = jar:file:/tmp/metals12246708321928347251/sbt-launch.jar!/org/apache/ivy/core/settings/ivysettings.xml[0m
2023.08.28 17:46:35 ERROR :: loading settings :: url = jar:file:/tmp/metals12246708321928347251/sbt-launch.jar!/org/apache/ivy/core/settings/ivysettings.xml[0m
2023.08.28 17:46:35 ERROR :: loading settings :: url = jar:file:/tmp/metals12246708321928347251/sbt-launch.jar!/org/apache/ivy/core/settings/ivysettings.xml[0m
2023.08.28 17:46:35 ERROR :: loading settings :: url = jar:file:/tmp/metals12246708321928347251/sbt-launch.jar!/org/apache/ivy/core/settings/ivysettings.xml[0m
2023.08.28 17:46:35 ERROR :: loading settings :: url = jar:file:/tmp/metals12246708321928347251/sbt-launch.jar!/org/apache/ivy/core/settings/ivysettings.xml[0m
2023.08.28 17:46:35 ERROR :: loading settings :: url = jar:file:/tmp/metals12246708321928347251/sbt-launch.jar!/org/apache/ivy/core/settings/ivysettings.xml[0m
2023.08.28 17:46:35 ERROR :: loading settings :: url = jar:file:/tmp/metals12246708321928347251/sbt-launch.jar!/org/apache/ivy/core/settings/ivysettings.xml[0m
2023.08.28 17:46:35 ERROR :: loading settings :: url = jar:file:/tmp/metals12246708321928347251/sbt-launch.jar!/org/apache/ivy/core/settings/ivysettings.xml[0m
2023.08.28 17:46:35 ERROR :: loading settings :: url = jar:file:/tmp/metals12246708321928347251/sbt-launch.jar!/org/apache/ivy/core/settings/ivysettings.xml[0m
2023.08.28 17:46:35 ERROR :: loading settings :: url = jar:file:/tmp/metals12246708321928347251/sbt-launch.jar!/org/apache/ivy/core/settings/ivysettings.xml[0m
2023.08.28 17:46:35 ERROR :: loading settings :: url = jar:file:/tmp/metals12246708321928347251/sbt-launch.jar!/org/apache/ivy/core/settings/ivysettings.xml[0m
2023.08.28 17:46:35 ERROR :: loading settings :: url = jar:file:/tmp/metals12246708321928347251/sbt-launch.jar!/org/apache/ivy/core/settings/ivysettings.xml[0m
2023.08.28 17:46:35 ERROR :: loading settings :: url = jar:file:/tmp/metals12246708321928347251/sbt-launch.jar!/org/apache/ivy/core/settings/ivysettings.xml[0m
2023.08.28 17:46:35 ERROR 	[SUCCESSFUL ] org.scala-sbt#launcher-interface;1.3.3!launcher-interface.jar (244ms)[0m
2023.08.28 17:46:35 ERROR downloading https://repo1.maven.org/maven2/io/get-coursier/lm-coursier-shaded_2.12/2.0.10/lm-coursier-shaded_2.12-2.0.10.jar ...[0m
2023.08.28 17:46:35 ERROR 	[SUCCESSFUL ] org.scala-sbt#scripted-plugin_2.12;1.6.2!scripted-plugin_2.12.jar (532ms)[0m
2023.08.28 17:46:35 ERROR downloading https://repo1.maven.org/maven2/org/apache/logging/log4j/log4j-api/2.17.1/log4j-api-2.17.1.jar ...[0m
2023.08.28 17:46:35 ERROR 	[SUCCESSFUL ] org.scala-sbt#logic_2.12;1.6.2!logic_2.12.jar (581ms)[0m
2023.08.28 17:46:35 ERROR downloading https://repo1.maven.org/maven2/org/apache/logging/log4j/log4j-core/2.17.1/log4j-core-2.17.1.jar ...[0m
2023.08.28 17:46:35 ERROR 	[SUCCESSFUL ] org.scala-sbt#run_2.12;1.6.2!run_2.12.jar (583ms)[0m
2023.08.28 17:46:35 ERROR 	[SUCCESSFUL ] org.scala-sbt#sbt;1.6.2!sbt.jar (584ms)[0m
2023.08.28 17:46:35 ERROR downloading https://repo1.maven.org/maven2/org/apache/logging/log4j/log4j-slf4j-impl/2.17.1/log4j-slf4j-impl-2.17.1.jar ...[0m
2023.08.28 17:46:35 ERROR downloading https://repo1.maven.org/maven2/org/scala-sbt/librarymanagement-core_2.12/1.6.1/librarymanagement-core_2.12-1.6.1.jar ...[0m
2023.08.28 17:46:35 ERROR 	[SUCCESSFUL ] org.scala-sbt#zinc-lm-integration_2.12;1.6.2!zinc-lm-integration_2.12.jar (601ms)[0m
2023.08.28 17:46:35 ERROR downloading https://repo1.maven.org/maven2/org/scala-sbt/librarymanagement-ivy_2.12/1.6.1/librarymanagement-ivy_2.12-1.6.1.jar ...[0m
2023.08.28 17:46:35 ERROR 	[SUCCESSFUL ] org.scala-sbt#actions_2.12;1.6.2!actions_2.12.jar (791ms)[0m
2023.08.28 17:46:35 ERROR downloading https://repo1.maven.org/maven2/org/scala-sbt/compiler-interface/1.6.0/compiler-interface-1.6.0.jar ...[0m
2023.08.28 17:46:35 ERROR 	[SUCCESSFUL ] org.apache.logging.log4j#log4j-slf4j-impl;2.17.1!log4j-slf4j-impl.jar (224ms)[0m
2023.08.28 17:46:35 ERROR downloading https://repo1.maven.org/maven2/org/scala-sbt/zinc-compile_2.12/1.6.0/zinc-compile_2.12-1.6.0.jar ...[0m
2023.08.28 17:46:35 ERROR 	[SUCCESSFUL ] org.scala-sbt#collections_2.12;1.6.2!collections_2.12.jar (909ms)[0m
2023.08.28 17:46:35 ERROR downloading https://repo1.maven.org/maven2/org/scala-sbt/util-relation_2.12/1.6.2/util-relation_2.12-1.6.2.jar ...[0m
2023.08.28 17:46:36 ERROR 	[SUCCESSFUL ] org.scala-sbt#zinc-compile_2.12;1.6.0!zinc-compile_2.12.jar (233ms)[0m
2023.08.28 17:46:36 ERROR downloading https://repo1.maven.org/maven2/org/scala-sbt/util-position_2.12/1.6.2/util-position_2.12-1.6.2.jar ...[0m
2023.08.28 17:46:36 ERROR 	[SUCCESSFUL ] org.scala-sbt#command_2.12;1.6.2!command_2.12.jar (1050ms)[0m
2023.08.28 17:46:36 ERROR downloading https://repo1.maven.org/maven2/com/eed3si9n/sjson-new-scalajson_2.12/0.9.1/sjson-new-scalajson_2.12-0.9.1.jar ...[0m
2023.08.28 17:46:36 ERROR 	[SUCCESSFUL ] org.scala-sbt#compiler-interface;1.6.0!compiler-interface.jar (300ms)[0m
2023.08.28 17:46:36 ERROR downloading https://repo1.maven.org/maven2/org/scala-lang/scala-reflect/2.12.15/scala-reflect-2.12.15.jar ...[0m
2023.08.28 17:46:36 ERROR 	[SUCCESSFUL ] org.scala-sbt#util-relation_2.12;1.6.2!util-relation_2.12.jar (220ms)[0m
2023.08.28 17:46:36 ERROR downloading https://repo1.maven.org/maven2/com/eed3si9n/sjson-new-core_2.12/0.9.1/sjson-new-core_2.12-0.9.1.jar ...[0m
2023.08.28 17:46:36 ERROR 	[SUCCESSFUL ] org.apache.logging.log4j#log4j-api;2.17.1!log4j-api.jar (623ms)[0m
2023.08.28 17:46:36 ERROR downloading https://repo1.maven.org/maven2/com/eed3si9n/shaded-jawn-parser_2.12/0.9.1/shaded-jawn-parser_2.12-0.9.1.jar ...[0m
2023.08.28 17:46:36 ERROR 	[SUCCESSFUL ] org.scala-sbt#util-logging_2.12;1.6.2!util-logging_2.12.jar (1187ms)[0m
2023.08.28 17:46:36 ERROR downloading https://repo1.maven.org/maven2/com/eed3si9n/shaded-scalajson_2.12/1.0.0-M4/shaded-scalajson_2.12-1.0.0-M4.jar ...[0m
2023.08.28 17:46:36 ERROR 	[SUCCESSFUL ] org.scala-lang.modules#scala-xml_2.12;1.3.0!scala-xml_2.12.jar(bundle) (1219ms)[0m
2023.08.28 17:46:36 ERROR 	[SUCCESSFUL ] org.scala-sbt#io_2.12;1.6.0!io_2.12.jar (1217ms)[0m
2023.08.28 17:46:36 ERROR downloading https://repo1.maven.org/maven2/org/scala-sbt/completion_2.12/1.6.2/completion_2.12-1.6.2.jar ...[0m
2023.08.28 17:46:36 ERROR downloading https://repo1.maven.org/maven2/org/scala-sbt/task-system_2.12/1.6.2/task-system_2.12-1.6.2.jar ...[0m
2023.08.28 17:46:36 ERROR 	[SUCCESSFUL ] org.scala-sbt#util-position_2.12;1.6.2!util-position_2.12.jar (193ms)[0m
2023.08.28 17:46:36 ERROR downloading https://repo1.maven.org/maven2/org/scala-sbt/tasks_2.12/1.6.2/tasks_2.12-1.6.2.jar ...[0m
2023.08.28 17:46:36 ERROR 	[SUCCESSFUL ] org.scala-sbt#main-settings_2.12;1.6.2!main-settings_2.12.jar (1297ms)[0m
2023.08.28 17:46:36 ERROR downloading https://repo1.maven.org/maven2/org/scala-sbt/testing_2.12/1.6.2/testing_2.12-1.6.2.jar ...[0m
2023.08.28 17:46:36 ERROR 	[SUCCESSFUL ] com.eed3si9n#sjson-new-scalajson_2.12;0.9.1!sjson-new-scalajson_2.12.jar (255ms)[0m
2023.08.28 17:46:36 ERROR downloading https://repo1.maven.org/maven2/org/scala-sbt/util-tracking_2.12/1.6.2/util-tracking_2.12-1.6.2.jar ...[0m
2023.08.28 17:46:36 ERROR 	[SUCCESSFUL ] com.github.ben-manes.caffeine#caffeine;2.8.5!caffeine.jar (1400ms)[0m
2023.08.28 17:46:36 ERROR downloading https://repo1.maven.org/maven2/org/jline/jline-terminal/3.19.0/jline-terminal-3.19.0.jar ...[0m
2023.08.28 17:46:36 ERROR 	[SUCCESSFUL ] com.eed3si9n#shaded-jawn-parser_2.12;0.9.1!shaded-jawn-parser_2.12.jar (295ms)[0m
2023.08.28 17:46:36 ERROR 	[SUCCESSFUL ] com.eed3si9n#shaded-scalajson_2.12;1.0.0-M4!shaded-scalajson_2.12.jar (263ms)[0m
2023.08.28 17:46:36 ERROR downloading https://repo1.maven.org/maven2/org/scala-sbt/zinc-classpath_2.12/1.6.0/zinc-classpath_2.12-1.6.0.jar ...[0m
2023.08.28 17:46:36 ERROR downloading https://repo1.maven.org/maven2/org/scala-sbt/zinc-apiinfo_2.12/1.6.0/zinc-apiinfo_2.12-1.6.0.jar ...[0m
2023.08.28 17:46:36 ERROR 	[SUCCESSFUL ] org.scala-sbt#librarymanagement-ivy_2.12;1.6.1!librarymanagement-ivy_2.12.jar (878ms)[0m
2023.08.28 17:46:36 ERROR downloading https://repo1.maven.org/maven2/org/scala-sbt/zinc_2.12/1.6.0/zinc_2.12-1.6.0.jar ...[0m
2023.08.28 17:46:36 ERROR 	[SUCCESSFUL ] org.scala-sbt#tasks_2.12;1.6.2!tasks_2.12.jar (303ms)[0m
2023.08.28 17:46:36 ERROR downloading https://repo1.maven.org/maven2/org/scala-sbt/util-control_2.12/1.6.2/util-control_2.12-1.6.2.jar ...[0m
2023.08.28 17:46:36 ERROR 	[SUCCESSFUL ] org.scala-sbt#util-tracking_2.12;1.6.2!util-tracking_2.12.jar (249ms)[0m
2023.08.28 17:46:36 ERROR downloading https://repo1.maven.org/maven2/org/scala-sbt/jline/jline/2.14.7-sbt-a1b0ffbb8f64bb820f4f84a0c07a0c0964507493/jline-2.14.7-sbt-a1b0ffbb8f64bb820f4f84a0c07a0c0964507493.jar ...[0m
2023.08.28 17:46:36 ERROR 	[SUCCESSFUL ] org.scala-sbt#task-system_2.12;1.6.2!task-system_2.12.jar (337ms)[0m
2023.08.28 17:46:36 ERROR downloading https://repo1.maven.org/maven2/org/jline/jline-reader/3.19.0/jline-reader-3.19.0.jar ...[0m
2023.08.28 17:46:36 ERROR 	[SUCCESSFUL ] org.scala-sbt#librarymanagement-core_2.12;1.6.1!librarymanagement-core_2.12.jar (1067ms)[0m
2023.08.28 17:46:36 ERROR downloading https://repo1.maven.org/maven2/org/jline/jline-builtins/3.19.0/jline-builtins-3.19.0.jar ...[0m
2023.08.28 17:46:36 ERROR 	[SUCCESSFUL ] org.scala-sbt#testing_2.12;1.6.2!testing_2.12.jar (386ms)[0m
2023.08.28 17:46:36 ERROR downloading https://repo1.maven.org/maven2/org/scala-sbt/util-interface/1.6.2/util-interface-1.6.2.jar ...[0m
2023.08.28 17:46:36 ERROR 	[SUCCESSFUL ] org.scala-sbt#zinc_2.12;1.6.0!zinc_2.12.jar (291ms)[0m
2023.08.28 17:46:36 ERROR downloading https://repo1.maven.org/maven2/org/scala-sbt/core-macros_2.12/1.6.2/core-macros_2.12-1.6.2.jar ...[0m
2023.08.28 17:46:36 ERROR 	[SUCCESSFUL ] org.jline#jline-terminal;3.19.0!jline-terminal.jar (382ms)[0m
2023.08.28 17:46:36 ERROR downloading https://repo1.maven.org/maven2/org/jline/jline-terminal-jna/3.19.0/jline-terminal-jna-3.19.0.jar ...[0m
2023.08.28 17:46:36 ERROR 	[SUCCESSFUL ] org.scala-sbt#zinc-classpath_2.12;1.6.0!zinc-classpath_2.12.jar (342ms)[0m
2023.08.28 17:46:36 ERROR downloading https://repo1.maven.org/maven2/org/jline/jline-terminal-jansi/3.19.0/jline-terminal-jansi-3.19.0.jar ...[0m
2023.08.28 17:46:36 ERROR 	[SUCCESSFUL ] org.scala-sbt#util-control_2.12;1.6.2!util-control_2.12.jar (262ms)[0m
2023.08.28 17:46:36 ERROR downloading https://repo1.maven.org/maven2/com/lmax/disruptor/3.4.2/disruptor-3.4.2.jar ...[0m
2023.08.28 17:46:36 ERROR 	[SUCCESSFUL ] org.scala-sbt#zinc-apiinfo_2.12;1.6.0!zinc-apiinfo_2.12.jar (443ms)[0m
2023.08.28 17:46:36 ERROR downloading https://repo1.maven.org/maven2/org/scala-lang/scala-compiler/2.12.15/scala-compiler-2.12.15.jar ...[0m
2023.08.28 17:46:36 ERROR 	[SUCCESSFUL ] org.scala-sbt.jline#jline;2.14.7-sbt-a1b0ffbb8f64bb820f4f84a0c07a0c0964507493!jline.jar (346ms)[0m
2023.08.28 17:46:36 ERROR downloading https://repo1.maven.org/maven2/org/fusesource/jansi/jansi/2.1.0/jansi-2.1.0.jar ...[0m
2023.08.28 17:46:36 ERROR 	[SUCCESSFUL ] org.scala-sbt#util-interface;1.6.2!util-interface.jar (221ms)[0m
2023.08.28 17:46:36 ERROR downloading https://repo1.maven.org/maven2/com/swoval/file-tree-views/2.1.7/file-tree-views-2.1.7.jar ...[0m
2023.08.28 17:46:36 ERROR 	[SUCCESSFUL ] org.scala-sbt#completion_2.12;1.6.2!completion_2.12.jar (693ms)[0m
2023.08.28 17:46:36 ERROR downloading https://repo1.maven.org/maven2/net/java/dev/jna/jna/5.8.0/jna-5.8.0.jar ...[0m
2023.08.28 17:46:36 ERROR 	[SUCCESSFUL ] org.jline#jline-reader;3.19.0!jline-reader.jar (367ms)[0m
2023.08.28 17:46:36 ERROR downloading https://repo1.maven.org/maven2/net/java/dev/jna/jna-platform/5.8.0/jna-platform-5.8.0.jar ...[0m
2023.08.28 17:46:36 ERROR 	[SUCCESSFUL ] com.eed3si9n#sjson-new-core_2.12;0.9.1!sjson-new-core_2.12.jar (864ms)[0m
2023.08.28 17:46:36 ERROR downloading https://repo1.maven.org/maven2/org/jline/jline-style/3.19.0/jline-style-3.19.0.jar ...[0m
2023.08.28 17:46:36 ERROR 	[SUCCESSFUL ] org.jline#jline-terminal-jna;3.19.0!jline-terminal-jna.jar (252ms)[0m
2023.08.28 17:46:36 ERROR downloading https://repo1.maven.org/maven2/org/scala-sbt/util-cache_2.12/1.6.2/util-cache_2.12-1.6.2.jar ...[0m
2023.08.28 17:46:36 ERROR 	[SUCCESSFUL ] org.jline#jline-builtins;3.19.0!jline-builtins.jar (382ms)[0m
2023.08.28 17:46:36 ERROR downloading https://repo1.maven.org/maven2/com/eed3si9n/sjson-new-murmurhash_2.12/0.9.1/sjson-new-murmurhash_2.12-0.9.1.jar ...[0m
2023.08.28 17:46:36 ERROR 	[SUCCESSFUL ] org.scala-sbt#core-macros_2.12;1.6.2!core-macros_2.12.jar (271ms)[0m
2023.08.28 17:46:36 ERROR downloading https://repo1.maven.org/maven2/org/scala-sbt/test-agent/1.6.2/test-agent-1.6.2.jar ...[0m
2023.08.28 17:46:37 ERROR 	[SUCCESSFUL ] org.jline#jline-terminal-jansi;3.19.0!jline-terminal-jansi.jar (295ms)[0m
2023.08.28 17:46:37 ERROR downloading https://repo1.maven.org/maven2/org/scala-sbt/test-interface/1.0/test-interface-1.0.jar ...[0m
2023.08.28 17:46:37 ERROR 	[SUCCESSFUL ] com.lmax#disruptor;3.4.2!disruptor.jar (303ms)[0m
2023.08.28 17:46:37 ERROR downloading https://repo1.maven.org/maven2/org/scala-sbt/compiler-bridge_2.12/1.6.0/compiler-bridge_2.12-1.6.0.jar ...[0m
2023.08.28 17:46:37 ERROR 	[SUCCESSFUL ] org.apache.logging.log4j#log4j-core;2.17.1!log4j-core.jar (1591ms)[0m
2023.08.28 17:46:37 ERROR downloading https://repo1.maven.org/maven2/org/scala-sbt/zinc-classfile_2.12/1.6.0/zinc-classfile_2.12-1.6.0.jar ...[0m
2023.08.28 17:46:37 ERROR 	[SUCCESSFUL ] com.eed3si9n#sjson-new-murmurhash_2.12;0.9.1!sjson-new-murmurhash_2.12.jar (246ms)[0m
2023.08.28 17:46:37 ERROR downloading https://repo1.maven.org/maven2/com/jcraft/jsch/0.1.54/jsch-0.1.54.jar ...[0m
2023.08.28 17:46:37 ERROR 	[SUCCESSFUL ] org.jline#jline-style;3.19.0!jline-style.jar (299ms)[0m
2023.08.28 17:46:37 ERROR downloading https://repo1.maven.org/maven2/com/eed3si9n/gigahorse-okhttp_2.12/0.5.0/gigahorse-okhttp_2.12-0.5.0.jar ...[0m
2023.08.28 17:46:37 ERROR 	[SUCCESSFUL ] org.scala-sbt#test-agent;1.6.2!test-agent.jar (281ms)[0m
2023.08.28 17:46:37 ERROR downloading https://repo1.maven.org/maven2/com/squareup/okhttp3/okhttp-urlconnection/3.7.0/okhttp-urlconnection-3.7.0.jar ...[0m
2023.08.28 17:46:37 ERROR 	[SUCCESSFUL ] org.scala-sbt#test-interface;1.0!test-interface.jar (276ms)[0m
2023.08.28 17:46:37 ERROR 	[SUCCESSFUL ] org.scala-sbt#util-cache_2.12;1.6.2!util-cache_2.12.jar (329ms)[0m
2023.08.28 17:46:37 ERROR downloading https://repo1.maven.org/maven2/com/eed3si9n/gigahorse-core_2.12/0.5.0/gigahorse-core_2.12-0.5.0.jar ...[0m
2023.08.28 17:46:37 ERROR downloading https://repo1.maven.org/maven2/com/squareup/okhttp3/okhttp/3.14.2/okhttp-3.14.2.jar ...[0m
2023.08.28 17:46:37 ERROR 	[SUCCESSFUL ] org.fusesource.jansi#jansi;2.1.0!jansi.jar (517ms)[0m
2023.08.28 17:46:37 ERROR downloading https://repo1.maven.org/maven2/com/typesafe/ssl-config-core_2.12/0.4.0/ssl-config-core_2.12-0.4.0.jar ...[0m
2023.08.28 17:46:37 ERROR 	[SUCCESSFUL ] com.swoval#file-tree-views;2.1.7!file-tree-views.jar (585ms)[0m
2023.08.28 17:46:37 ERROR downloading https://repo1.maven.org/maven2/org/reactivestreams/reactive-streams/1.0.2/reactive-streams-1.0.2.jar ...[0m
2023.08.28 17:46:37 ERROR 	[SUCCESSFUL ] org.scala-sbt#zinc-classfile_2.12;1.6.0!zinc-classfile_2.12.jar (328ms)[0m
2023.08.28 17:46:37 ERROR downloading https://repo1.maven.org/maven2/org/slf4j/slf4j-api/1.7.26/slf4j-api-1.7.26.jar ...[0m
2023.08.28 17:46:37 ERROR 	[SUCCESSFUL ] org.scala-sbt#main_2.12;1.6.2!main_2.12.jar (2508ms)[0m
2023.08.28 17:46:37 ERROR downloading https://repo1.maven.org/maven2/org/scala-lang/modules/scala-parser-combinators_2.12/1.1.2/scala-parser-combinators_2.12-1.1.2.jar ...[0m
2023.08.28 17:46:37 ERROR 	[SUCCESSFUL ] com.eed3si9n#gigahorse-okhttp_2.12;0.5.0!gigahorse-okhttp_2.12.jar (237ms)[0m
2023.08.28 17:46:37 ERROR downloading https://repo1.maven.org/maven2/com/typesafe/config/1.3.3/config-1.3.3.jar ...[0m
2023.08.28 17:46:37 ERROR 	[SUCCESSFUL ] com.squareup.okhttp3#okhttp-urlconnection;3.7.0!okhttp-urlconnection.jar (252ms)[0m
2023.08.28 17:46:37 ERROR downloading https://repo1.maven.org/maven2/com/squareup/okio/okio/1.17.2/okio-1.17.2.jar ...[0m
2023.08.28 17:46:37 ERROR 	[SUCCESSFUL ] org.scala-sbt#compiler-bridge_2.12;1.6.0!compiler-bridge_2.12.jar (528ms)[0m
2023.08.28 17:46:37 ERROR downloading https://repo1.maven.org/maven2/org/scala-sbt/zinc-core_2.12/1.6.0/zinc-core_2.12-1.6.0.jar ...[0m
2023.08.28 17:46:37 ERROR 	[SUCCESSFUL ] com.jcraft#jsch;0.1.54!jsch.jar (446ms)[0m
2023.08.28 17:46:37 ERROR downloading https://repo1.maven.org/maven2/org/scala-sbt/zinc-persist_2.12/1.6.0/zinc-persist_2.12-1.6.0.jar ...[0m
2023.08.28 17:46:37 ERROR 	[SUCCESSFUL ] com.eed3si9n#gigahorse-core_2.12;0.5.0!gigahorse-core_2.12.jar (396ms)[0m
2023.08.28 17:46:37 ERROR downloading https://repo1.maven.org/maven2/org/scala-sbt/zinc-compile-core_2.12/1.6.0/zinc-compile-core_2.12-1.6.0.jar ...[0m
2023.08.28 17:46:37 ERROR 	[SUCCESSFUL ] org.reactivestreams#reactive-streams;1.0.2!reactive-streams.jar (297ms)[0m
2023.08.28 17:46:37 ERROR downloading https://repo1.maven.org/maven2/org/scala-sbt/zinc-persist-core-assembly/1.6.0/zinc-persist-core-assembly-1.6.0.jar ...[0m
2023.08.28 17:46:37 ERROR 	[SUCCESSFUL ] org.slf4j#slf4j-api;1.7.26!slf4j-api.jar (293ms)[0m
2023.08.28 17:46:37 ERROR downloading https://repo1.maven.org/maven2/net/openhft/zero-allocation-hashing/0.10.1/zero-allocation-hashing-0.10.1.jar ...[0m
2023.08.28 17:46:37 ERROR 	[SUCCESSFUL ] com.squareup.okio#okio;1.17.2!okio.jar (326ms)[0m
2023.08.28 17:46:37 ERROR 	[SUCCESSFUL ] org.scala-lang.modules#scala-parser-combinators_2.12;1.1.2!scala-parser-combinators_2.12.jar(bundle) (393ms)[0m
2023.08.28 17:46:37 ERROR downloading https://repo1.maven.org/maven2/org/scala-sbt/protocol_2.12/1.6.2/protocol_2.12-1.6.2.jar ...[0m
2023.08.28 17:46:37 ERROR downloading https://repo1.maven.org/maven2/org/scala-sbt/sbinary_2.12/0.5.1/sbinary_2.12-0.5.1.jar ...[0m
2023.08.28 17:46:37 ERROR 	[SUCCESSFUL ] com.squareup.okhttp3#okhttp;3.14.2!okhttp.jar (597ms)[0m
2023.08.28 17:46:37 ERROR downloading https://repo1.maven.org/maven2/org/scala-sbt/template-resolver/0.1/template-resolver-0.1.jar ...[0m
2023.08.28 17:46:37 ERROR 	[SUCCESSFUL ] com.typesafe#ssl-config-core_2.12;0.4.0!ssl-config-core_2.12.jar(bundle) (587ms)[0m
2023.08.28 17:46:37 ERROR downloading https://repo1.maven.org/maven2/org/scala-sbt/ipcsocket/ipcsocket/1.3.1/ipcsocket-1.3.1.jar ...[0m
2023.08.28 17:46:37 ERROR 	[SUCCESSFUL ] com.typesafe#config;1.3.3!config.jar(bundle) (505ms)[0m
2023.08.28 17:46:37 ERROR downloading https://repo1.maven.org/maven2/org/checkerframework/checker-qual/3.4.1/checker-qual-3.4.1.jar ...[0m
2023.08.28 17:46:38 ERROR 	[SUCCESSFUL ] org.scala-sbt#zinc-persist_2.12;1.6.0!zinc-persist_2.12.jar (399ms)[0m
2023.08.28 17:46:38 ERROR downloading https://repo1.maven.org/maven2/com/google/errorprone/error_prone_annotations/2.4.0/error_prone_annotations-2.4.0.jar ...[0m
2023.08.28 17:46:38 ERROR 	[SUCCESSFUL ] net.openhft#zero-allocation-hashing;0.10.1!zero-allocation-hashing.jar(bundle) (337ms)[0m
2023.08.28 17:46:38 ERROR downloading https://repo1.maven.org/maven2/org/scala-lang/modules/scala-collection-compat_2.12/2.6.0/scala-collection-compat_2.12-2.6.0.jar ...[0m
2023.08.28 17:46:38 ERROR 	[SUCCESSFUL ] org.scala-sbt#zinc-compile-core_2.12;1.6.0!zinc-compile-core_2.12.jar (413ms)[0m
2023.08.28 17:46:38 ERROR downloading https://repo1.maven.org/maven2/org/scala-sbt/ivy/ivy/2.3.0-sbt-fbc4f586aeeb1591710b14eb4f41b94880dcd745/ivy-2.3.0-sbt-fbc4f586aeeb1591710b14eb4f41b94880dcd745.jar ...[0m
2023.08.28 17:46:38 ERROR 	[SUCCESSFUL ] net.java.dev.jna#jna-platform;5.8.0!jna-platform.jar (1264ms)[0m
2023.08.28 17:46:38 ERROR 	[SUCCESSFUL ] org.scala-sbt#template-resolver;0.1!template-resolver.jar (261ms)[0m
2023.08.28 17:46:38 ERROR 	[SUCCESSFUL ] org.scala-sbt#sbinary_2.12;0.5.1!sbinary_2.12.jar (387ms)[0m
2023.08.28 17:46:38 ERROR 	[SUCCESSFUL ] org.scala-sbt#zinc-core_2.12;1.6.0!zinc-core_2.12.jar (657ms)[0m
2023.08.28 17:46:38 ERROR 	[SUCCESSFUL ] org.scala-sbt.ipcsocket#ipcsocket;1.3.1!ipcsocket.jar (371ms)[0m
2023.08.28 17:46:38 ERROR 	[SUCCESSFUL ] com.google.errorprone#error_prone_annotations;2.4.0!error_prone_annotations.jar (251ms)[0m
2023.08.28 17:46:38 ERROR 	[SUCCESSFUL ] org.checkerframework#checker-qual;3.4.1!checker-qual.jar (349ms)[0m
2023.08.28 17:46:38 ERROR 	[SUCCESSFUL ] net.java.dev.jna#jna;5.8.0!jna.jar (1580ms)[0m
2023.08.28 17:46:38 ERROR 	[SUCCESSFUL ] org.scala-lang.modules#scala-collection-compat_2.12;2.6.0!scala-collection-compat_2.12.jar (369ms)[0m
2023.08.28 17:46:38 ERROR 	[SUCCESSFUL ] org.scala-lang#scala-reflect;2.12.15!scala-reflect.jar (2617ms)[0m
2023.08.28 17:46:38 ERROR 	[SUCCESSFUL ] org.scala-sbt#protocol_2.12;1.6.2!protocol_2.12.jar (870ms)[0m
2023.08.28 17:46:38 ERROR 	[SUCCESSFUL ] org.scala-sbt.ivy#ivy;2.3.0-sbt-fbc4f586aeeb1591710b14eb4f41b94880dcd745!ivy.jar (738ms)[0m
2023.08.28 17:46:38 ERROR 	[SUCCESSFUL ] org.scala-lang#scala-library;2.12.15!scala-library.jar (3967ms)[0m
2023.08.28 17:46:38 ERROR 	[SUCCESSFUL ] org.scala-sbt#zinc-persist-core-assembly;1.6.0!zinc-persist-core-assembly.jar (1324ms)[0m
2023.08.28 17:46:39 ERROR 	[SUCCESSFUL ] io.get-coursier#lm-coursier-shaded_2.12;2.0.10!lm-coursier-shaded_2.12.jar (3936ms)[0m
2023.08.28 17:46:39 ERROR 	[SUCCESSFUL ] org.scala-lang#scala-compiler;2.12.15!scala-compiler.jar (3022ms)[0m
2023.08.28 17:46:39 ERROR :: retrieving :: org.scala-sbt#boot-app[0m
2023.08.28 17:46:39 ERROR 	confs: [default][0m
2023.08.28 17:46:39 ERROR 	83 artifacts copied, 0 already retrieved[0m
2023.08.28 17:46:39 ERROR [info] [launcher] getting Scala 2.12.15 (for sbt)...[0m
2023.08.28 17:46:41 ERROR downloading https://repo1.maven.org/maven2/jline/jline/2.14.6/jline-2.14.6.jar ...[0m
2023.08.28 17:46:41 ERROR downloading https://repo1.maven.org/maven2/org/scala-lang/modules/scala-xml_2.12/1.0.6/scala-xml_2.12-1.0.6.jar ...[0m
2023.08.28 17:46:41 ERROR 	[SUCCESSFUL ] jline#jline;2.14.6!jline.jar (180ms)[0m
2023.08.28 17:46:41 ERROR 	[SUCCESSFUL ] org.scala-lang.modules#scala-xml_2.12;1.0.6!scala-xml_2.12.jar(bundle) (218ms)[0m
2023.08.28 17:46:41 ERROR :: retrieving :: org.scala-sbt#boot-scala[0m
2023.08.28 17:46:41 ERROR 	confs: [default][0m
2023.08.28 17:46:41 ERROR 	5 artifacts copied, 0 already retrieved[0m
2023.08.28 17:46:41 INFO  [info] Updated file /home/phdah/repos/privat/AoC/2022/day_1/scala/project/build.properties: set sbt.version to 1.6.2[0m
2023.08.28 17:46:41 INFO  [info] welcome to sbt 1.6.2 (Ubuntu Java 11.0.20)[0m
2023.08.28 17:46:43 INFO  [info] loading settings for project scala-build-build from metals.sbt ...[0m
2023.08.28 17:46:43 INFO  [info] loading project definition from /home/phdah/repos/privat/AoC/2022/day_1/scala/project/project[0m
2023.08.28 17:46:45 INFO  [info] loading settings for project scala-build from metals.sbt ...[0m
2023.08.28 17:46:45 INFO  [info] loading project definition from /home/phdah/repos/privat/AoC/2022/day_1/scala/project[0m
2023.08.28 17:46:51 INFO  [success] Generated .bloop/scala-build.json[0m
2023.08.28 17:46:51 INFO  [success] Total time: 6 s, completed Aug 28, 2023, 5:46:51 PM[0m
2023.08.28 17:46:51 INFO  [info] loading settings for project scala from build.sbt ...[0m
2023.08.28 17:46:51 INFO  [info] set current project to scalaTest (in build file:/home/phdah/repos/privat/AoC/2022/day_1/scala/)[0m
2023.08.28 17:46:52 INFO  [success] Generated .bloop/scala-test.json[0m
2023.08.28 17:46:52 INFO  [success] Generated .bloop/scala.json[0m
2023.08.28 17:46:52 INFO  [success] Total time: 0 s, completed Aug 28, 2023, 5:46:52 PM[0m
2023.08.28 17:46:52 INFO  time: ran 'sbt bloopInstall' in 1m12s[0m
2023.08.28 17:46:52 INFO  Attempting to connect to the build server...[0m
2023.08.28 17:46:52 INFO  tracing is disabled for protocol BSP, to enable tracing of incoming and outgoing JSON messages create an empty file at /home/phdah/repos/privat/AoC/2022/day_1/scala/.metals/bsp.trace.json or /home/phdah/.cache/metals/bsp.trace.json[0m
2023.08.28 17:46:54 INFO  Attempting to connect to the build server...[0m
2023.08.28 17:46:54 INFO  tracing is disabled for protocol BSP, to enable tracing of incoming and outgoing JSON messages create an empty file at /home/phdah/repos/privat/AoC/2022/day_1/scala/project/.metals/bsp.trace.json or /home/phdah/.cache/metals/bsp.trace.json[0m
2023.08.28 17:46:54 INFO  time: Connected to build server in 2.08s[0m
2023.08.28 17:46:54 INFO  Connected to Build server: Bloop v1.4.13[0m
2023.08.28 17:46:55 WARN  Could not find java sources in /usr/lib/jvm/src.zip, /usr/lib/jvm/lib/src.zip, /usr/lib/jvm/java-11-openjdk-amd64/src.zip, /usr/lib/jvm/java-11-openjdk-amd64/lib/src.zip. Java symbols will not be available.[0m
2023.08.28 17:46:56 INFO  time: indexed workspace in 1.99s[0m
2023.08.28 17:46:57 INFO  compiling scala (1 scala source)[0m
2023.08.28 17:47:05 INFO  time: compiled scala in 8.75s[0m
/usr/bin/xdg-open: 882: google-chrome: not found
/usr/bin/xdg-open: 882: google-chrome: not found
xdg-open: no method available for opening 'http://127.0.0.1:5031/doctor'
2023.08.28 17:47:12 ERROR open browser: http://127.0.0.1:5031/doctor
java.lang.RuntimeException: Nonzero exit value: 3
	at scala.sys.package$.error(package.scala:30)
	at scala.sys.process.ProcessBuilderImpl$AbstractBuilder.slurp(ProcessBuilderImpl.scala:138)
	at scala.sys.process.ProcessBuilderImpl$AbstractBuilder.$bang$bang(ProcessBuilderImpl.scala:108)
	at scala.meta.internal.metals.Urls$.openBrowser(Urls.scala:33)
	at scala.meta.internal.metals.Doctor.$anonfun$executeRunDoctor$1(Doctor.scala:75)
	at scala.meta.internal.metals.Doctor.$anonfun$executeRunDoctor$1$adapted(Doctor.scala:74)
	at scala.meta.internal.metals.Doctor.executeDoctor(Doctor.scala:120)
	at scala.meta.internal.metals.Doctor.executeRunDoctor(Doctor.scala:74)
	at scala.meta.internal.metals.Doctor.$anonfun$check$1(Doctor.scala:147)
	at scala.meta.internal.metals.Doctor.$anonfun$check$1$adapted(Doctor.scala:145)
	at scala.util.Success.foreach(Try.scala:253)
	at scala.concurrent.Future.$anonfun$foreach$1$adapted(Future.scala:229)
	at scala.concurrent.impl.CallbackRunnable.run(Promise.scala:64)
	at java.util.concurrent.ThreadPoolExecutor.runWorker(ThreadPoolExecutor.java:1128)
	at java.util.concurrent.ThreadPoolExecutor$Worker.run(ThreadPoolExecutor.java:628)
	at java.lang.Thread.run(Thread.java:829)
[0m
2023.08.28 17:47:38 INFO  skipping build import with status 'Installed'[0m
2023.08.28 17:47:38 INFO  compiling scala (1 scala source)[0m
2023.08.28 17:47:38 INFO  time: compiled scala in 0.58s[0m
2023.08.28 17:47:42 INFO  shutting down Metals[0m
2023.08.28 17:47:42 INFO  Shut down connection with build server.[0m
2023.08.28 17:47:42 INFO  Shut down connection with build server.[0m
Aug 28, 2023 5:47:42 PM io.undertow.Undertow stop
INFO: stopping server: Undertow - 2.2.16.Final
2023.08.28 17:48:06 INFO  tracing is disabled for protocol LSP, to enable tracing of incoming and outgoing JSON messages create an empty file at /home/phdah/repos/privat/AoC/2022/day_1/scala/.metals/lsp.trace.json or /home/phdah/.cache/metals/lsp.trace.json[0m
2023.08.28 17:48:06 INFO  logging to file /home/phdah/repos/privat/AoC/2022/day_1/scala/.metals/metals.log[0m
2023.08.28 17:48:06 INFO  Started: Metals version 0.11.2 in workspace '/home/phdah/repos/privat/AoC/2022/day_1/scala' for client Neovim 0.9.1.[0m
2023.08.28 17:48:06 INFO  Parse release: 11.0.20[0m
2023.08.28 17:48:07 INFO  time: initialize in 1.36s[0m
2023.08.28 17:48:08 INFO  Attempting to connect to the build server...[0m
2023.08.28 17:48:08 INFO  Selected port 5031[0m
Aug 28, 2023 5:48:08 PM io.undertow.Undertow start
INFO: starting server: Undertow - 2.2.16.Final
Aug 28, 2023 5:48:08 PM org.xnio.Xnio <clinit>
INFO: XNIO version 3.8.6.Final
Aug 28, 2023 5:48:08 PM org.xnio.nio.NioXnio <clinit>
INFO: XNIO NIO Implementation Version 3.8.6.Final
2023.08.28 17:48:07 INFO  tracing is disabled for protocol BSP, to enable tracing of incoming and outgoing JSON messages create an empty file at /home/phdah/repos/privat/AoC/2022/day_1/scala/.metals/bsp.trace.json or /home/phdah/.cache/metals/bsp.trace.json[0m
2023.08.28 17:48:07 INFO  time: Connected to build server in 0.29s[0m
2023.08.28 17:48:07 INFO  Connected to Build server: Bloop v1.4.13[0m
Aug 28, 2023 5:48:08 PM org.jboss.threads.Version <clinit>
INFO: JBoss Threads version 3.1.0.Final
2023.08.28 17:48:08 INFO  Started Metals http server at http://127.0.0.1:5031[0m
2023.08.28 17:48:09 WARN  Could not find java sources in /usr/lib/jvm/src.zip, /usr/lib/jvm/lib/src.zip, /usr/lib/jvm/java-11-openjdk-amd64/src.zip, /usr/lib/jvm/java-11-openjdk-amd64/lib/src.zip. Java symbols will not be available.[0m
2023.08.28 17:48:09 INFO  time: indexed workspace in 1.23s[0m
2023.08.28 17:48:10 INFO  compiling scala-test (1 scala source)[0m
2023.08.28 17:48:10 INFO  time: compiled scala-test in 4ms[0m
2023.08.28 17:48:14 INFO  running '/usr/lib/jvm/java-11-openjdk-amd64/bin/java -Djline.terminal=jline.UnsupportedTerminal -Dsbt.log.noformat=true -Dfile.encoding=UTF-8 -Dsbt.version=1.6.2 -jar /tmp/metals15168985940535846567/sbt-launch.jar -Dbloop.export-jar-classifiers=sources bloopInstall'[0m
2023.08.28 17:48:15 INFO  [info] Updated file /home/phdah/repos/privat/AoC/2022/day_1/scala/project/build.properties: set sbt.version to 1.6.2[0m
2023.08.28 17:48:15 INFO  [info] welcome to sbt 1.6.2 (Ubuntu Java 11.0.20)[0m
2023.08.28 17:48:17 INFO  [info] loading settings for project scala-build-build from metals.sbt ...[0m
2023.08.28 17:48:17 INFO  [info] loading project definition from /home/phdah/repos/privat/AoC/2022/day_1/scala/project/project[0m
2023.08.28 17:48:19 INFO  [info] loading settings for project scala-build from metals.sbt ...[0m
2023.08.28 17:48:19 INFO  [info] loading project definition from /home/phdah/repos/privat/AoC/2022/day_1/scala/project[0m
2023.08.28 17:48:20 INFO  [success] Generated .bloop/scala-build.json[0m
2023.08.28 17:48:20 INFO  [success] Total time: 1 s, completed Aug 28, 2023, 5:48:20 PM[0m
2023.08.28 17:48:20 INFO  [info] loading settings for project scala from build.sbt ...[0m
2023.08.28 17:48:20 INFO  [info] set current project to scalaTest (in build file:/home/phdah/repos/privat/AoC/2022/day_1/scala/)[0m
2023.08.28 17:48:20 INFO  [success] Generated .bloop/scala.json[0m
2023.08.28 17:48:20 INFO  [success] Generated .bloop/scala-test.json[0m
2023.08.28 17:48:20 INFO  [success] Total time: 0 s, completed Aug 28, 2023, 5:48:21 PM[0m
2023.08.28 17:48:22 INFO  time: ran 'sbt bloopInstall' in 7.36s[0m
2023.08.28 17:48:22 INFO  Disconnecting from Bloop session...[0m
2023.08.28 17:48:22 INFO  Shut down connection with build server.[0m
2023.08.28 17:48:22 INFO  Attempting to connect to the build server...[0m
2023.08.28 17:48:22 INFO  tracing is disabled for protocol BSP, to enable tracing of incoming and outgoing JSON messages create an empty file at /home/phdah/repos/privat/AoC/2022/day_1/scala/.metals/bsp.trace.json or /home/phdah/.cache/metals/bsp.trace.json[0m
2023.08.28 17:48:22 INFO  Attempting to connect to the build server...[0m
2023.08.28 17:48:22 INFO  tracing is disabled for protocol BSP, to enable tracing of incoming and outgoing JSON messages create an empty file at /home/phdah/repos/privat/AoC/2022/day_1/scala/project/.metals/bsp.trace.json or /home/phdah/.cache/metals/bsp.trace.json[0m
2023.08.28 17:48:22 INFO  time: Connected to build server in 0.11s[0m
2023.08.28 17:48:22 INFO  Connected to Build server: Bloop v1.4.13[0m
2023.08.28 17:48:23 WARN  Could not find java sources in /usr/lib/jvm/src.zip, /usr/lib/jvm/lib/src.zip, /usr/lib/jvm/java-11-openjdk-amd64/src.zip, /usr/lib/jvm/java-11-openjdk-amd64/lib/src.zip. Java symbols will not be available.[0m
2023.08.28 17:48:23 INFO  time: indexed workspace in 1.67s[0m
2023.08.28 17:48:34 INFO  skipping build import with status 'Installed'[0m
2023.08.28 17:48:34 INFO  compiling scala (1 scala source)[0m
2023.08.28 17:48:34 INFO  time: compiled scala in 0.14s[0m
2023.08.28 17:48:40 INFO  file:///home/phdah/repos/privat/AoC/2022/day_1/scala/calories_counting.scala:3:23: stale bloop error: type mismatch;
 found   : String("")
 required: Int
    val number: Int = ""
                      ^^[0m
2023.08.28 17:48:40 INFO  file:///home/phdah/repos/privat/AoC/2022/day_1/scala/calories_counting.scala:3:23: stale bloop error: type mismatch;
 found   : String("")
 required: Int
    val number: Int = ""
                      ^^[0m
2023.08.28 17:48:44 INFO  skipping build import with status 'Installed'[0m
2023.08.28 17:48:44 INFO  compiling scala (1 scala source)[0m
2023.08.28 17:48:44 INFO  time: compiled scala in 0.34s[0m
2023.08.28 17:48:54 INFO  shutting down Metals[0m
2023.08.28 17:48:54 INFO  Shut down connection with build server.[0m
2023.08.28 17:48:54 INFO  Shut down connection with build server.[0m
Aug 28, 2023 5:48:55 PM io.undertow.Undertow stop
INFO: stopping server: Undertow - 2.2.16.Final
